<?xml version="1.0" encoding="UTF-8"?>
<testng-results skipped="0" failed="0" ignored="0" total="1" passed="1">
  <reporter-output>
  </reporter-output>
  <suite name="testSelenium.SeleniumTest" duration-ms="59328" started-at="2018-03-13T19:42:46Z" finished-at="2018-03-13T19:43:46Z">
    <groups>
    </groups>
    <test name="Command line test" duration-ms="59328" started-at="2018-03-13T19:42:46Z" finished-at="2018-03-13T19:43:46Z">
      <class name="testSelenium.SeleniumTest">
        <test-method status="PASS" signature="testApp()[pri:0, instance:testSelenium.SeleniumTest@6e8dacdf]" name="testApp" duration-ms="59284" started-at="2018-03-13T12:42:46Z" finished-at="2018-03-13T12:43:46Z">
          <reporter-output>
          </reporter-output>
        </test-method> <!-- testApp -->
      </class> <!-- testSelenium.SeleniumTest -->
    </test> <!-- Command line test -->
  </suite> <!-- testSelenium.SeleniumTest -->
</testng-results>
